<?xml version="1.0" encoding="UTF-8"?>
<testng-results ignored="0" total="1" passed="1" failed="0" skipped="0">
  <reporter-output>
  </reporter-output>
  <suite started-at="2021-04-03T08:53:44 IST" name="Default suite" finished-at="2021-04-03T08:53:51 IST" duration-ms="7143">
    <groups>
    </groups>
    <test started-at="2021-04-03T08:53:44 IST" name="Default test" finished-at="2021-04-03T08:53:51 IST" duration-ms="7143">
      <class name="com.first.ScreenShot">
        <test-method signature="same()[pri:0, instance:com.first.ScreenShot@5f16132a]" started-at="2021-04-03T08:53:44 IST" name="same" finished-at="2021-04-03T08:53:51 IST" duration-ms="7090" status="PASS">
          <reporter-output>
          </reporter-output>
        </test-method> <!-- same -->
      </class> <!-- com.first.ScreenShot -->
    </test> <!-- Default test -->
  </suite> <!-- Default suite -->
</testng-results>
