<?xml version="1.0" encoding="UTF-8"?>
<!-- Generated by org.testng.reporters.JUnitXMLReporter -->
<testsuite ignored="1" hostname="DINU" failures="0" tests="1" name="Default test" time="0.046" errors="0" timestamp="24 Mar 2021 14:11:21 GMT">
  <testcase classname="pjoject.Maven_2.Simple_Annotation_1" name="searchlaptop" time="0.007"/>
  <testcase classname="pjoject.Maven_2.Simple_Annotation_1" name="searchMobile" time="0.0">
    <ignored/>
  </testcase> <!-- searchMobile -->
</testsuite> <!-- Default test -->
