<?xml version="1.0" encoding="UTF-8"?>
<testsuite xmlns:xsi="http://www.w3.org/2001/XMLSchema-instance" xsi:noNamespaceSchemaLocation="https://maven.apache.org/surefire/maven-surefire-plugin/xsd/surefire-test-report.xsd" name="TestSuite" time="2.196" tests="11" errors="0" skipped="0" failures="3">
  <properties>
[...]
</properties>
  <testcase name="boy" classname="com.first.Ignore_Test" time="0.01"/>
  <testcase name="employe" classname="com.first.Ignore_Test" time="0.001"/>
  <testcase name="girl" classname="com.first.Ignore_Test" time="0.001"/>
  <testcase name="chroe" classname="com.first.Parallel_Test" time="0.306">
    <failure message="The driver executable does not exist: C:\Users\Mani\eclipse-workspace\Maven_Project\driver\chromedriver.exe" type="java.lang.IllegalStateException">java.lang.IllegalStateException: The driver executable does not exist: C:\Users\Mani\eclipse-workspace\Maven_Project\driver\chromedriver.exe
	at com.first.Parallel_Test.chroe(Parallel_Test.java:11)
</failure>
  </testcase>
  <testcase name="face" classname="com.first.Parallel_Test" time="0.004">
    <failure message="The driver executable does not exist: C:\Users\Mani\eclipse-workspace\Maven_Project\driver\chromedriver.exe" type="java.lang.IllegalStateException">java.lang.IllegalStateException: The driver executable does not exist: C:\Users\Mani\eclipse-workspace\Maven_Project\driver\chromedriver.exe
	at com.first.Parallel_Test.face(Parallel_Test.java:17)
</failure>
  </testcase>
  <testcase name="youtube" classname="com.first.Parallel_Test" time="0.007">
    <failure message="The driver executable does not exist: C:\Users\Mani\eclipse-workspace\Maven_Project\driver\chromedriver.exe" type="java.lang.IllegalStateException">java.lang.IllegalStateException: The driver executable does not exist: C:\Users\Mani\eclipse-workspace\Maven_Project\driver\chromedriver.exe
	at com.first.Parallel_Test.youtube(Parallel_Test.java:23)
</failure>
  </testcase>
  <testcase name="launch" classname="com.first.Priority_Test" time="0.001"/>
  <testcase name="login" classname="com.first.Priority_Test" time="0.001"/>
  <testcase name="logout" classname="com.first.Priority_Test" time="0.001"/>
  <testcase name="searchLaptop" classname="com.first.Priority_Test" time="0.001"/>
  <testcase name="searchMobiles" classname="com.first.Priority_Test" time="0.001"/>
</testsuite>