<?xml version="1.0" encoding="UTF-8"?>
<testng-results ignored="1" total="2" passed="1" failed="0" skipped="0">
  <reporter-output>
  </reporter-output>
  <suite started-at="2021-03-24T14:11:20Z" name="Default suite" finished-at="2021-03-24T14:11:20Z" duration-ms="46">
    <groups>
    </groups>
    <test started-at="2021-03-24T14:11:20Z" name="Default test" finished-at="2021-03-24T14:11:20Z" duration-ms="46">
      <class name="pjoject.Maven_2.Simple_Annotation_1">
        <test-method is-config="true" signature="setup()[pri:0, instance:pjoject.Maven_2.Simple_Annotation_1@616ac46a]" started-at="2021-03-24T14:11:20Z" name="setup" finished-at="2021-03-24T14:11:20Z" duration-ms="21" status="PASS">
          <reporter-output>
          </reporter-output>
        </test-method> <!-- setup -->
        <test-method is-config="true" signature="url()[pri:0, instance:pjoject.Maven_2.Simple_Annotation_1@616ac46a]" started-at="2021-03-24T14:11:20Z" name="url" finished-at="2021-03-24T14:11:20Z" duration-ms="1" status="PASS">
          <reporter-output>
          </reporter-output>
        </test-method> <!-- url -->
        <test-method is-config="true" signature="login()[pri:0, instance:pjoject.Maven_2.Simple_Annotation_1@616ac46a]" started-at="2021-03-24T14:11:20Z" name="login" finished-at="2021-03-24T14:11:20Z" duration-ms="0" status="PASS">
          <reporter-output>
          </reporter-output>
        </test-method> <!-- login -->
        <test-method signature="searchlaptop()[pri:0, instance:pjoject.Maven_2.Simple_Annotation_1@616ac46a]" started-at="2021-03-24T14:11:20Z" name="searchlaptop" finished-at="2021-03-24T14:11:20Z" duration-ms="7" status="PASS">
          <reporter-output>
          </reporter-output>
        </test-method> <!-- searchlaptop -->
        <test-method is-config="true" signature="homepage()[pri:0, instance:pjoject.Maven_2.Simple_Annotation_1@616ac46a]" started-at="2021-03-24T14:11:20Z" name="homepage" finished-at="2021-03-24T14:11:20Z" duration-ms="0" status="PASS">
          <reporter-output>
          </reporter-output>
        </test-method> <!-- homepage -->
        <test-method is-config="true" signature="bookthelap()[pri:0, instance:pjoject.Maven_2.Simple_Annotation_1@616ac46a]" started-at="2021-03-24T14:11:20Z" name="bookthelap" finished-at="2021-03-24T14:11:20Z" duration-ms="1" status="PASS">
          <reporter-output>
          </reporter-output>
        </test-method> <!-- bookthelap -->
        <test-method is-config="true" signature="logout()[pri:0, instance:pjoject.Maven_2.Simple_Annotation_1@616ac46a]" started-at="2021-03-24T14:11:20Z" name="logout" finished-at="2021-03-24T14:11:20Z" duration-ms="1" status="PASS">
          <reporter-output>
          </reporter-output>
        </test-method> <!-- logout -->
        <test-method is-config="true" signature="closethebrowser()[pri:0, instance:pjoject.Maven_2.Simple_Annotation_1@616ac46a]" started-at="2021-03-24T14:11:20Z" name="closethebrowser" finished-at="2021-03-24T14:11:20Z" duration-ms="1" status="PASS">
          <reporter-output>
          </reporter-output>
        </test-method> <!-- closethebrowser -->
        <test-method is-config="true" signature="deletecookies()[pri:0, instance:pjoject.Maven_2.Simple_Annotation_1@616ac46a]" started-at="2021-03-24T14:11:21Z" name="deletecookies" finished-at="2021-03-24T14:11:21Z" duration-ms="0" status="PASS">
          <reporter-output>
          </reporter-output>
        </test-method> <!-- deletecookies -->
      </class> <!-- pjoject.Maven_2.Simple_Annotation_1 -->
    </test> <!-- Default test -->
  </suite> <!-- Default suite -->
</testng-results>
