<?xml version="1.0" encoding="UTF-8"?>
<testng-results ignored="0" total="1" passed="1" failed="0" skipped="0">
  <reporter-output>
  </reporter-output>
  <suite started-at="2021-03-03T15:10:47Z" name="Default suite" finished-at="2021-03-03T15:10:47Z" duration-ms="43">
    <groups>
    </groups>
    <test started-at="2021-03-03T15:10:47Z" name="Default test" finished-at="2021-03-03T15:10:47Z" duration-ms="43">
      <class name="com.mavenn.pro.Mavenn4.Applicationss">
        <test-method signature="boy()[pri:0, instance:com.mavenn.pro.Mavenn4.Applicationss@420a85c4]" started-at="2021-03-03T15:10:47Z" name="boy" finished-at="2021-03-03T15:10:47Z" duration-ms="14" status="PASS">
          <reporter-output>
          </reporter-output>
        </test-method> <!-- boy -->
      </class> <!-- com.mavenn.pro.Mavenn4.Applicationss -->
    </test> <!-- Default test -->
  </suite> <!-- Default suite -->
</testng-results>
